<?xml version="1.0" encoding="UTF-8"?>
<!-- Generated by org.testng.reporters.JUnitReportReporter -->
<testsuite hostname="DESKTOP-UD3B5D0" failures="0" tests="3" name="demo.Demo" time="0.020" errors="0" timestamp="2026-06-26T15:40:02 IST" skipped="0">
  <testcase classname="demo.Demo" name="demoB" time="0.002">
    <system-out>
      <![CDATA[Hi from demoB]]>
    </system-out>
  </testcase> <!-- demoB -->
  <testcase classname="demo.Demo" name="demoC" time="0.002">
    <system-out>
      <![CDATA[Hi from demoC]]>
    </system-out>
  </testcase> <!-- demoC -->
  <testcase classname="demo.Demo" name="demoA" time="0.016">
    <system-out>
      <![CDATA[Hi from TestNG]]>
    </system-out>
  </testcase> <!-- demoA -->
  <system-out>
    <![CDATA[Hi from TestNG
Hi from demoB
Hi from demoC]]>
  </system-out>
</testsuite> <!-- demo.Demo -->
